1682431213.415324 client started (770482): version 3.0a, socket /tmp/tmux-1000/default, protocol 8
1682431213.415362 on Linux 6.0.12-76060012-generic #202212290932~1674066459~20.04~3cd2bf3-Ubuntu SMP PREEMPT_DYNAMI; libevent 2.1.11-stable (poll)
1682431213.415384 socket is /tmp/tmux-1000/default
1682431213.415402 trying connect
1682431213.415506 add peer 0x560fa833c580: 6 ((nil))
1682431213.415624 sending message 100 to peer 0x560fa833c580 (4 bytes)
1682431213.415643 sending message 101 to peer 0x560fa833c580 (12 bytes)
1682431213.415651 sending message 102 to peer 0x560fa833c580 (11 bytes)
1682431213.415657 sending message 108 to peer 0x560fa833c580 (26 bytes)
1682431213.415664 sending message 104 to peer 0x560fa833c580 (0 bytes)
1682431213.415671 sending message 107 to peer 0x560fa833c580 (4 bytes)
1682431213.415678 sending message 105 to peer 0x560fa833c580 (12 bytes)
1682431213.415685 sending message 105 to peer 0x560fa833c580 (19 bytes)
1682431213.415692 sending message 105 to peer 0x560fa833c580 (21 bytes)
1682431213.415699 sending message 105 to peer 0x560fa833c580 (8 bytes)
1682431213.415706 sending message 105 to peer 0x560fa833c580 (18 bytes)
1682431213.415712 sending message 105 to peer 0x560fa833c580 (20 bytes)
1682431213.415719 sending message 105 to peer 0x560fa833c580 (47 bytes)
1682431213.415726 sending message 105 to peer 0x560fa833c580 (29 bytes)
1682431213.415733 sending message 105 to peer 0x560fa833c580 (16 bytes)
1682431213.415740 sending message 105 to peer 0x560fa833c580 (54 bytes)
1682431213.415747 sending message 105 to peer 0x560fa833c580 (37 bytes)
1682431213.415754 sending message 105 to peer 0x560fa833c580 (51 bytes)
1682431213.415760 sending message 105 to peer 0x560fa833c580 (15 bytes)
1682431213.415767 sending message 105 to peer 0x560fa833c580 (22 bytes)
1682431213.415773 sending message 105 to peer 0x560fa833c580 (16 bytes)
1682431213.415779 sending message 105 to peer 0x560fa833c580 (23 bytes)
1682431213.415785 sending message 105 to peer 0x560fa833c580 (48 bytes)
1682431213.415791 sending message 105 to peer 0x560fa833c580 (23 bytes)
1682431213.415798 sending message 105 to peer 0x560fa833c580 (16 bytes)
1682431213.415809 sending message 105 to peer 0x560fa833c580 (44 bytes)
1682431213.415816 sending message 105 to peer 0x560fa833c580 (13 bytes)
1682431213.415823 sending message 105 to peer 0x560fa833c580 (341 bytes)
1682431213.415830 sending message 105 to peer 0x560fa833c580 (82 bytes)
1682431213.415836 sending message 105 to peer 0x560fa833c580 (47 bytes)
1682431213.415843 sending message 105 to peer 0x560fa833c580 (31 bytes)
1682431213.415849 sending message 105 to peer 0x560fa833c580 (23 bytes)
1682431213.415856 sending message 105 to peer 0x560fa833c580 (11 bytes)
1682431213.415862 sending message 105 to peer 0x560fa833c580 (17 bytes)
1682431213.415868 sending message 105 to peer 0x560fa833c580 (30 bytes)
1682431213.415874 sending message 105 to peer 0x560fa833c580 (41 bytes)
1682431213.415880 sending message 105 to peer 0x560fa833c580 (24 bytes)
1682431213.415886 sending message 105 to peer 0x560fa833c580 (20 bytes)
1682431213.415907 sending message 105 to peer 0x560fa833c580 (41 bytes)
1682431213.415915 sending message 105 to peer 0x560fa833c580 (19 bytes)
1682431213.415923 sending message 105 to peer 0x560fa833c580 (19 bytes)
1682431213.415930 sending message 105 to peer 0x560fa833c580 (15 bytes)
1682431213.415937 sending message 105 to peer 0x560fa833c580 (52 bytes)
1682431213.415944 sending message 105 to peer 0x560fa833c580 (18 bytes)
1682431213.415951 sending message 105 to peer 0x560fa833c580 (30 bytes)
1682431213.415957 sending message 105 to peer 0x560fa833c580 (161 bytes)
1682431213.415965 sending message 105 to peer 0x560fa833c580 (42 bytes)
1682431213.415972 sending message 105 to peer 0x560fa833c580 (18 bytes)
1682431213.415979 sending message 105 to peer 0x560fa833c580 (18 bytes)
1682431213.415986 sending message 105 to peer 0x560fa833c580 (17 bytes)
1682431213.415992 sending message 105 to peer 0x560fa833c580 (20 bytes)
1682431213.415999 sending message 105 to peer 0x560fa833c580 (20 bytes)
1682431213.416018 sending message 105 to peer 0x560fa833c580 (28 bytes)
1682431213.416025 sending message 105 to peer 0x560fa833c580 (11 bytes)
1682431213.416031 sending message 105 to peer 0x560fa833c580 (8 bytes)
1682431213.416038 sending message 105 to peer 0x560fa833c580 (32 bytes)
1682431213.416046 sending message 105 to peer 0x560fa833c580 (1506 bytes)
1682431213.416065 sending message 105 to peer 0x560fa833c580 (30 bytes)
1682431213.416072 sending message 105 to peer 0x560fa833c580 (40 bytes)
1682431213.416079 sending message 105 to peer 0x560fa833c580 (76 bytes)
1682431213.416085 sending message 105 to peer 0x560fa833c580 (26 bytes)
1682431213.416092 sending message 105 to peer 0x560fa833c580 (16 bytes)
1682431213.416098 sending message 105 to peer 0x560fa833c580 (53 bytes)
1682431213.416106 sending message 105 to peer 0x560fa833c580 (62 bytes)
1682431213.416113 sending message 105 to peer 0x560fa833c580 (20 bytes)
1682431213.416121 sending message 105 to peer 0x560fa833c580 (104 bytes)
1682431213.416128 sending message 105 to peer 0x560fa833c580 (37 bytes)
1682431213.416134 sending message 106 to peer 0x560fa833c580 (0 bytes)
1682431213.416142 sending message 200 to peer 0x560fa833c580 (4 bytes)
1682431213.416148 client loop enter
1682431213.424817 peer 0x560fa833c580 message 207
1682431213.424849 sending message 208 to peer 0x560fa833c580 (0 bytes)
1682431215.732552 peer 0x560fa833c580 message 203
1682431215.732585 sending message 205 to peer 0x560fa833c580 (0 bytes)
1682431215.733075 peer 0x560fa833c580 message 204
1682431215.733101 client loop exit
